------------------------------
Tue Jan 09 2018 17:53:07
GET /index.html
HEADERS=> {
  "host": "localhost:8000",
  "connection": "keep-alive",
  "cache-control": "max-age=0",
  "user-agent": "Mozilla/5.0 (Macintosh; Intel Mac OS X 10_11_6) AppleWebKit/537.36 (KHTML, like Gecko) Chrome/63.0.3239.132 Safari/537.36",
  "upgrade-insecure-requests": "1",
  "accept": "text/html,application/xhtml+xml,application/xml;q=0.9,image/webp,image/apng,*/*;q=0.8",
  "accept-encoding": "gzip, deflate, br",
  "accept-language": "en-US,en;q=0.9",
  "cookie": "sessionid=1515498656588"
}
COOKIES=> {
  "sessionid": "1515498656588"
}
BODY=> {}
------------------------------
Tue Jan 09 2018 17:53:07
GET /css/style.css
HEADERS=> {
  "host": "localhost:8000",
  "connection": "keep-alive",
  "user-agent": "Mozilla/5.0 (Macintosh; Intel Mac OS X 10_11_6) AppleWebKit/537.36 (KHTML, like Gecko) Chrome/63.0.3239.132 Safari/537.36",
  "accept": "text/css,*/*;q=0.1",
  "referer": "http://localhost:8000/index.html",
  "accept-encoding": "gzip, deflate, br",
  "accept-language": "en-US,en;q=0.9",
  "cookie": "logInFailed=true; sessionid=1515498656588"
}
COOKIES=> {
  "logInFailed": "true",
  "sessionid": "1515498656588"
}
BODY=> {}
------------------------------
Tue Jan 09 2018 17:53:07
GET /js/index.js
HEADERS=> {
  "host": "localhost:8000",
  "connection": "keep-alive",
  "user-agent": "Mozilla/5.0 (Macintosh; Intel Mac OS X 10_11_6) AppleWebKit/537.36 (KHTML, like Gecko) Chrome/63.0.3239.132 Safari/537.36",
  "accept": "*/*",
  "referer": "http://localhost:8000/index.html",
  "accept-encoding": "gzip, deflate, br",
  "accept-language": "en-US,en;q=0.9",
  "cookie": "logInFailed=true; sessionid=1515498656588"
}
COOKIES=> {
  "logInFailed": "true",
  "sessionid": "1515498656588"
}
BODY=> {}
------------------------------
Tue Jan 09 2018 17:53:07
GET /img/freshorigins.jpg
HEADERS=> {
  "host": "localhost:8000",
  "connection": "keep-alive",
  "user-agent": "Mozilla/5.0 (Macintosh; Intel Mac OS X 10_11_6) AppleWebKit/537.36 (KHTML, like Gecko) Chrome/63.0.3239.132 Safari/537.36",
  "accept": "image/webp,image/apng,image/*,*/*;q=0.8",
  "referer": "http://localhost:8000/index.html",
  "accept-encoding": "gzip, deflate, br",
  "accept-language": "en-US,en;q=0.9",
  "cookie": "logInFailed=true; sessionid=1515498656588"
}
COOKIES=> {
  "logInFailed": "true",
  "sessionid": "1515498656588"
}
BODY=> {}
------------------------------
Tue Jan 09 2018 17:53:07
GET /img/animated-flower-image-0021.gif
HEADERS=> {
  "host": "localhost:8000",
  "connection": "keep-alive",
  "user-agent": "Mozilla/5.0 (Macintosh; Intel Mac OS X 10_11_6) AppleWebKit/537.36 (KHTML, like Gecko) Chrome/63.0.3239.132 Safari/537.36",
  "accept": "image/webp,image/apng,image/*,*/*;q=0.8",
  "referer": "http://localhost:8000/index.html",
  "accept-encoding": "gzip, deflate, br",
  "accept-language": "en-US,en;q=0.9",
  "cookie": "logInFailed=true; sessionid=1515498656588"
}
COOKIES=> {
  "logInFailed": "true",
  "sessionid": "1515498656588"
}
BODY=> {}
------------------------------
Tue Jan 09 2018 17:53:07
GET /favicon.ico
HEADERS=> {
  "host": "localhost:8000",
  "connection": "keep-alive",
  "pragma": "no-cache",
  "cache-control": "no-cache",
  "user-agent": "Mozilla/5.0 (Macintosh; Intel Mac OS X 10_11_6) AppleWebKit/537.36 (KHTML, like Gecko) Chrome/63.0.3239.132 Safari/537.36",
  "accept": "image/webp,image/apng,image/*,*/*;q=0.8",
  "referer": "http://localhost:8000/index.html",
  "accept-encoding": "gzip, deflate, br",
  "accept-language": "en-US,en;q=0.9",
  "cookie": "sessionid=1515498656588"
}
COOKIES=> {
  "sessionid": "1515498656588"
}
BODY=> {}
------------------------------
Tue Jan 09 2018 17:53:09
GET /index.html
HEADERS=> {
  "host": "localhost:8000",
  "connection": "keep-alive",
  "cache-control": "max-age=0",
  "user-agent": "Mozilla/5.0 (Macintosh; Intel Mac OS X 10_11_6) AppleWebKit/537.36 (KHTML, like Gecko) Chrome/63.0.3239.132 Safari/537.36",
  "upgrade-insecure-requests": "1",
  "accept": "text/html,application/xhtml+xml,application/xml;q=0.9,image/webp,image/apng,*/*;q=0.8",
  "accept-encoding": "gzip, deflate, br",
  "accept-language": "en-US,en;q=0.9",
  "cookie": "sessionid=1515498656588"
}
COOKIES=> {
  "sessionid": "1515498656588"
}
BODY=> {}
------------------------------
Tue Jan 09 2018 17:53:09
GET /css/style.css
HEADERS=> {
  "host": "localhost:8000",
  "connection": "keep-alive",
  "user-agent": "Mozilla/5.0 (Macintosh; Intel Mac OS X 10_11_6) AppleWebKit/537.36 (KHTML, like Gecko) Chrome/63.0.3239.132 Safari/537.36",
  "accept": "text/css,*/*;q=0.1",
  "referer": "http://localhost:8000/index.html",
  "accept-encoding": "gzip, deflate, br",
  "accept-language": "en-US,en;q=0.9",
  "cookie": "logInFailed=true; sessionid=1515498656588"
}
COOKIES=> {
  "logInFailed": "true",
  "sessionid": "1515498656588"
}
BODY=> {}
------------------------------
Tue Jan 09 2018 17:53:09
GET /js/index.js
HEADERS=> {
  "host": "localhost:8000",
  "connection": "keep-alive",
  "user-agent": "Mozilla/5.0 (Macintosh; Intel Mac OS X 10_11_6) AppleWebKit/537.36 (KHTML, like Gecko) Chrome/63.0.3239.132 Safari/537.36",
  "accept": "*/*",
  "referer": "http://localhost:8000/index.html",
  "accept-encoding": "gzip, deflate, br",
  "accept-language": "en-US,en;q=0.9",
  "cookie": "logInFailed=true; sessionid=1515498656588"
}
COOKIES=> {
  "logInFailed": "true",
  "sessionid": "1515498656588"
}
BODY=> {}
------------------------------
Tue Jan 09 2018 17:53:09
GET /img/freshorigins.jpg
HEADERS=> {
  "host": "localhost:8000",
  "connection": "keep-alive",
  "user-agent": "Mozilla/5.0 (Macintosh; Intel Mac OS X 10_11_6) AppleWebKit/537.36 (KHTML, like Gecko) Chrome/63.0.3239.132 Safari/537.36",
  "accept": "image/webp,image/apng,image/*,*/*;q=0.8",
  "referer": "http://localhost:8000/index.html",
  "accept-encoding": "gzip, deflate, br",
  "accept-language": "en-US,en;q=0.9",
  "cookie": "logInFailed=true; sessionid=1515498656588"
}
COOKIES=> {
  "logInFailed": "true",
  "sessionid": "1515498656588"
}
BODY=> {}
------------------------------
Tue Jan 09 2018 17:53:09
GET /img/animated-flower-image-0021.gif
HEADERS=> {
  "host": "localhost:8000",
  "connection": "keep-alive",
  "user-agent": "Mozilla/5.0 (Macintosh; Intel Mac OS X 10_11_6) AppleWebKit/537.36 (KHTML, like Gecko) Chrome/63.0.3239.132 Safari/537.36",
  "accept": "image/webp,image/apng,image/*,*/*;q=0.8",
  "referer": "http://localhost:8000/index.html",
  "accept-encoding": "gzip, deflate, br",
  "accept-language": "en-US,en;q=0.9",
  "cookie": "logInFailed=true; sessionid=1515498656588"
}
COOKIES=> {
  "logInFailed": "true",
  "sessionid": "1515498656588"
}
BODY=> {}
------------------------------
Tue Jan 09 2018 17:53:09
GET /favicon.ico
HEADERS=> {
  "host": "localhost:8000",
  "connection": "keep-alive",
  "pragma": "no-cache",
  "cache-control": "no-cache",
  "user-agent": "Mozilla/5.0 (Macintosh; Intel Mac OS X 10_11_6) AppleWebKit/537.36 (KHTML, like Gecko) Chrome/63.0.3239.132 Safari/537.36",
  "accept": "image/webp,image/apng,image/*,*/*;q=0.8",
  "referer": "http://localhost:8000/index.html",
  "accept-encoding": "gzip, deflate, br",
  "accept-language": "en-US,en;q=0.9",
  "cookie": "sessionid=1515498656588"
}
COOKIES=> {
  "sessionid": "1515498656588"
}
BODY=> {}
------------------------------
Tue Jan 09 2018 17:57:27
GET /logout.html
HEADERS=> {
  "host": "localhost:8000",
  "connection": "keep-alive",
  "upgrade-insecure-requests": "1",
  "user-agent": "Mozilla/5.0 (Macintosh; Intel Mac OS X 10_11_6) AppleWebKit/537.36 (KHTML, like Gecko) Chrome/63.0.3239.132 Safari/537.36",
  "accept": "text/html,application/xhtml+xml,application/xml;q=0.9,image/webp,image/apng,*/*;q=0.8",
  "referer": "http://localhost:8000/index.html",
  "accept-encoding": "gzip, deflate, br",
  "accept-language": "en-US,en;q=0.9",
  "cookie": "sessionid=1515498656588"
}
COOKIES=> {
  "sessionid": "1515498656588"
}
BODY=> {}
------------------------------
Tue Jan 09 2018 17:57:27
GET /favicon.ico
HEADERS=> {
  "host": "localhost:8000",
  "connection": "keep-alive",
  "user-agent": "Mozilla/5.0 (Macintosh; Intel Mac OS X 10_11_6) AppleWebKit/537.36 (KHTML, like Gecko) Chrome/63.0.3239.132 Safari/537.36",
  "accept": "image/webp,image/apng,image/*,*/*;q=0.8",
  "referer": "http://localhost:8000/logout.html",
  "accept-encoding": "gzip, deflate, br",
  "accept-language": "en-US,en;q=0.9"
}
COOKIES=> {}
BODY=> {}
------------------------------
Tue Jan 09 2018 17:57:29
GET /index.html
HEADERS=> {
  "host": "localhost:8000",
  "connection": "keep-alive",
  "upgrade-insecure-requests": "1",
  "user-agent": "Mozilla/5.0 (Macintosh; Intel Mac OS X 10_11_6) AppleWebKit/537.36 (KHTML, like Gecko) Chrome/63.0.3239.132 Safari/537.36",
  "accept": "text/html,application/xhtml+xml,application/xml;q=0.9,image/webp,image/apng,*/*;q=0.8",
  "referer": "http://localhost:8000/logout.html",
  "accept-encoding": "gzip, deflate, br",
  "accept-language": "en-US,en;q=0.9"
}
COOKIES=> {}
BODY=> {}
------------------------------
Tue Jan 09 2018 17:57:29
GET /css/style.css
HEADERS=> {
  "host": "localhost:8000",
  "connection": "keep-alive",
  "user-agent": "Mozilla/5.0 (Macintosh; Intel Mac OS X 10_11_6) AppleWebKit/537.36 (KHTML, like Gecko) Chrome/63.0.3239.132 Safari/537.36",
  "accept": "text/css,*/*;q=0.1",
  "referer": "http://localhost:8000/index.html",
  "accept-encoding": "gzip, deflate, br",
  "accept-language": "en-US,en;q=0.9",
  "cookie": "logInFailed=true"
}
COOKIES=> {
  "logInFailed": "true"
}
BODY=> {}
------------------------------
Tue Jan 09 2018 17:57:29
GET /js/index.js
HEADERS=> {
  "host": "localhost:8000",
  "connection": "keep-alive",
  "user-agent": "Mozilla/5.0 (Macintosh; Intel Mac OS X 10_11_6) AppleWebKit/537.36 (KHTML, like Gecko) Chrome/63.0.3239.132 Safari/537.36",
  "accept": "*/*",
  "referer": "http://localhost:8000/index.html",
  "accept-encoding": "gzip, deflate, br",
  "accept-language": "en-US,en;q=0.9",
  "cookie": "logInFailed=true"
}
COOKIES=> {
  "logInFailed": "true"
}
BODY=> {}
------------------------------
Tue Jan 09 2018 17:57:29
GET /img/freshorigins.jpg
HEADERS=> {
  "host": "localhost:8000",
  "connection": "keep-alive",
  "user-agent": "Mozilla/5.0 (Macintosh; Intel Mac OS X 10_11_6) AppleWebKit/537.36 (KHTML, like Gecko) Chrome/63.0.3239.132 Safari/537.36",
  "accept": "image/webp,image/apng,image/*,*/*;q=0.8",
  "referer": "http://localhost:8000/index.html",
  "accept-encoding": "gzip, deflate, br",
  "accept-language": "en-US,en;q=0.9",
  "cookie": "logInFailed=true"
}
COOKIES=> {
  "logInFailed": "true"
}
BODY=> {}
------------------------------
Tue Jan 09 2018 17:57:29
GET /img/animated-flower-image-0021.gif
HEADERS=> {
  "host": "localhost:8000",
  "connection": "keep-alive",
  "user-agent": "Mozilla/5.0 (Macintosh; Intel Mac OS X 10_11_6) AppleWebKit/537.36 (KHTML, like Gecko) Chrome/63.0.3239.132 Safari/537.36",
  "accept": "image/webp,image/apng,image/*,*/*;q=0.8",
  "referer": "http://localhost:8000/index.html",
  "accept-encoding": "gzip, deflate, br",
  "accept-language": "en-US,en;q=0.9",
  "cookie": "logInFailed=true"
}
COOKIES=> {
  "logInFailed": "true"
}
BODY=> {}
------------------------------
Tue Jan 09 2018 17:57:29
GET /favicon.ico
HEADERS=> {
  "host": "localhost:8000",
  "connection": "keep-alive",
  "user-agent": "Mozilla/5.0 (Macintosh; Intel Mac OS X 10_11_6) AppleWebKit/537.36 (KHTML, like Gecko) Chrome/63.0.3239.132 Safari/537.36",
  "accept": "image/webp,image/apng,image/*,*/*;q=0.8",
  "referer": "http://localhost:8000/index.html",
  "accept-encoding": "gzip, deflate, br",
  "accept-language": "en-US,en;q=0.9"
}
COOKIES=> {}
BODY=> {}
------------------------------
Tue Jan 09 2018 17:57:31
GET /login.html
HEADERS=> {
  "host": "localhost:8000",
  "connection": "keep-alive",
  "upgrade-insecure-requests": "1",
  "user-agent": "Mozilla/5.0 (Macintosh; Intel Mac OS X 10_11_6) AppleWebKit/537.36 (KHTML, like Gecko) Chrome/63.0.3239.132 Safari/537.36",
  "accept": "text/html,application/xhtml+xml,application/xml;q=0.9,image/webp,image/apng,*/*;q=0.8",
  "referer": "http://localhost:8000/index.html",
  "accept-encoding": "gzip, deflate, br",
  "accept-language": "en-US,en;q=0.9"
}
COOKIES=> {}
BODY=> {}
------------------------------
Tue Jan 09 2018 17:57:31
GET /favicon.ico
HEADERS=> {
  "host": "localhost:8000",
  "connection": "keep-alive",
  "user-agent": "Mozilla/5.0 (Macintosh; Intel Mac OS X 10_11_6) AppleWebKit/537.36 (KHTML, like Gecko) Chrome/63.0.3239.132 Safari/537.36",
  "accept": "image/webp,image/apng,image/*,*/*;q=0.8",
  "referer": "http://localhost:8000/login.html",
  "accept-encoding": "gzip, deflate, br",
  "accept-language": "en-US,en;q=0.9"
}
COOKIES=> {}
BODY=> {}
------------------------------
Tue Jan 09 2018 17:57:34
POST /index.html
HEADERS=> {
  "host": "localhost:8000",
  "connection": "keep-alive",
  "content-length": "14",
  "cache-control": "max-age=0",
  "origin": "http://localhost:8000",
  "upgrade-insecure-requests": "1",
  "content-type": "application/x-www-form-urlencoded",
  "user-agent": "Mozilla/5.0 (Macintosh; Intel Mac OS X 10_11_6) AppleWebKit/537.36 (KHTML, like Gecko) Chrome/63.0.3239.132 Safari/537.36",
  "accept": "text/html,application/xhtml+xml,application/xml;q=0.9,image/webp,image/apng,*/*;q=0.8",
  "referer": "http://localhost:8000/login.html",
  "accept-encoding": "gzip, deflate, br",
  "accept-language": "en-US,en;q=0.9"
}
COOKIES=> {}
BODY=> {
  "userName": "rahul"
}
------------------------------
Tue Jan 09 2018 17:57:34
GET /css/style.css
HEADERS=> {
  "host": "localhost:8000",
  "connection": "keep-alive",
  "user-agent": "Mozilla/5.0 (Macintosh; Intel Mac OS X 10_11_6) AppleWebKit/537.36 (KHTML, like Gecko) Chrome/63.0.3239.132 Safari/537.36",
  "accept": "text/css,*/*;q=0.1",
  "referer": "http://localhost:8000/index.html",
  "accept-encoding": "gzip, deflate, br",
  "accept-language": "en-US,en;q=0.9",
  "cookie": "logInFailed=true; sessionid=1515500854789"
}
COOKIES=> {
  "logInFailed": "true",
  "sessionid": "1515500854789"
}
BODY=> {}
------------------------------
Tue Jan 09 2018 17:57:34
GET /js/index.js
HEADERS=> {
  "host": "localhost:8000",
  "connection": "keep-alive",
  "user-agent": "Mozilla/5.0 (Macintosh; Intel Mac OS X 10_11_6) AppleWebKit/537.36 (KHTML, like Gecko) Chrome/63.0.3239.132 Safari/537.36",
  "accept": "*/*",
  "referer": "http://localhost:8000/index.html",
  "accept-encoding": "gzip, deflate, br",
  "accept-language": "en-US,en;q=0.9",
  "cookie": "logInFailed=true; sessionid=1515500854789"
}
COOKIES=> {
  "logInFailed": "true",
  "sessionid": "1515500854789"
}
BODY=> {}
------------------------------
Tue Jan 09 2018 17:57:34
GET /img/freshorigins.jpg
HEADERS=> {
  "host": "localhost:8000",
  "connection": "keep-alive",
  "user-agent": "Mozilla/5.0 (Macintosh; Intel Mac OS X 10_11_6) AppleWebKit/537.36 (KHTML, like Gecko) Chrome/63.0.3239.132 Safari/537.36",
  "accept": "image/webp,image/apng,image/*,*/*;q=0.8",
  "referer": "http://localhost:8000/index.html",
  "accept-encoding": "gzip, deflate, br",
  "accept-language": "en-US,en;q=0.9",
  "cookie": "logInFailed=true; sessionid=1515500854789"
}
COOKIES=> {
  "logInFailed": "true",
  "sessionid": "1515500854789"
}
BODY=> {}
------------------------------
Tue Jan 09 2018 17:57:34
GET /img/animated-flower-image-0021.gif
HEADERS=> {
  "host": "localhost:8000",
  "connection": "keep-alive",
  "user-agent": "Mozilla/5.0 (Macintosh; Intel Mac OS X 10_11_6) AppleWebKit/537.36 (KHTML, like Gecko) Chrome/63.0.3239.132 Safari/537.36",
  "accept": "image/webp,image/apng,image/*,*/*;q=0.8",
  "referer": "http://localhost:8000/index.html",
  "accept-encoding": "gzip, deflate, br",
  "accept-language": "en-US,en;q=0.9",
  "cookie": "logInFailed=true; sessionid=1515500854789"
}
COOKIES=> {
  "logInFailed": "true",
  "sessionid": "1515500854789"
}
BODY=> {}
------------------------------
Tue Jan 09 2018 17:57:34
GET /favicon.ico
HEADERS=> {
  "host": "localhost:8000",
  "connection": "keep-alive",
  "user-agent": "Mozilla/5.0 (Macintosh; Intel Mac OS X 10_11_6) AppleWebKit/537.36 (KHTML, like Gecko) Chrome/63.0.3239.132 Safari/537.36",
  "accept": "image/webp,image/apng,image/*,*/*;q=0.8",
  "referer": "http://localhost:8000/index.html",
  "accept-encoding": "gzip, deflate, br",
  "accept-language": "en-US,en;q=0.9",
  "cookie": "sessionid=1515500854789"
}
COOKIES=> {
  "sessionid": "1515500854789"
}
BODY=> {}
------------------------------
Tue Jan 09 2018 17:57:37
GET /guestBook.html
HEADERS=> {
  "host": "localhost:8000",
  "connection": "keep-alive",
  "upgrade-insecure-requests": "1",
  "user-agent": "Mozilla/5.0 (Macintosh; Intel Mac OS X 10_11_6) AppleWebKit/537.36 (KHTML, like Gecko) Chrome/63.0.3239.132 Safari/537.36",
  "accept": "text/html,application/xhtml+xml,application/xml;q=0.9,image/webp,image/apng,*/*;q=0.8",
  "referer": "http://localhost:8000/index.html",
  "accept-encoding": "gzip, deflate, br",
  "accept-language": "en-US,en;q=0.9",
  "cookie": "sessionid=1515500854789"
}
COOKIES=> {
  "sessionid": "1515500854789"
}
BODY=> {}
------------------------------
Tue Jan 09 2018 17:58:09
GET /guestBook.html
HEADERS=> {
  "host": "localhost:8000",
  "connection": "keep-alive",
  "cache-control": "max-age=0",
  "upgrade-insecure-requests": "1",
  "user-agent": "Mozilla/5.0 (Macintosh; Intel Mac OS X 10_11_6) AppleWebKit/537.36 (KHTML, like Gecko) Chrome/63.0.3239.132 Safari/537.36",
  "accept": "text/html,application/xhtml+xml,application/xml;q=0.9,image/webp,image/apng,*/*;q=0.8",
  "accept-encoding": "gzip, deflate, br",
  "accept-language": "en-US,en;q=0.9",
  "cookie": "sessionid=1515500854789"
}
COOKIES=> {
  "sessionid": "1515500854789"
}
BODY=> {}
------------------------------
Tue Jan 09 2018 17:59:04
GET /index.html
HEADERS=> {
  "host": "localhost:8000",
  "connection": "keep-alive",
  "cache-control": "max-age=0",
  "user-agent": "Mozilla/5.0 (Macintosh; Intel Mac OS X 10_11_6) AppleWebKit/537.36 (KHTML, like Gecko) Chrome/63.0.3239.132 Safari/537.36",
  "upgrade-insecure-requests": "1",
  "accept": "text/html,application/xhtml+xml,application/xml;q=0.9,image/webp,image/apng,*/*;q=0.8",
  "accept-encoding": "gzip, deflate, br",
  "accept-language": "en-US,en;q=0.9",
  "cookie": "sessionid=1515500854789"
}
COOKIES=> {
  "sessionid": "1515500854789"
}
BODY=> {}
------------------------------
Tue Jan 09 2018 17:59:04
GET /css/style.css
HEADERS=> {
  "host": "localhost:8000",
  "connection": "keep-alive",
  "user-agent": "Mozilla/5.0 (Macintosh; Intel Mac OS X 10_11_6) AppleWebKit/537.36 (KHTML, like Gecko) Chrome/63.0.3239.132 Safari/537.36",
  "accept": "text/css,*/*;q=0.1",
  "referer": "http://localhost:8000/index.html",
  "accept-encoding": "gzip, deflate, br",
  "accept-language": "en-US,en;q=0.9",
  "cookie": "logInFailed=true; sessionid=1515500854789"
}
COOKIES=> {
  "logInFailed": "true",
  "sessionid": "1515500854789"
}
BODY=> {}
------------------------------
Tue Jan 09 2018 17:59:04
GET /js/index.js
HEADERS=> {
  "host": "localhost:8000",
  "connection": "keep-alive",
  "user-agent": "Mozilla/5.0 (Macintosh; Intel Mac OS X 10_11_6) AppleWebKit/537.36 (KHTML, like Gecko) Chrome/63.0.3239.132 Safari/537.36",
  "accept": "*/*",
  "referer": "http://localhost:8000/index.html",
  "accept-encoding": "gzip, deflate, br",
  "accept-language": "en-US,en;q=0.9",
  "cookie": "logInFailed=true; sessionid=1515500854789"
}
COOKIES=> {
  "logInFailed": "true",
  "sessionid": "1515500854789"
}
BODY=> {}
------------------------------
Tue Jan 09 2018 17:59:04
GET /img/freshorigins.jpg
HEADERS=> {
  "host": "localhost:8000",
  "connection": "keep-alive",
  "user-agent": "Mozilla/5.0 (Macintosh; Intel Mac OS X 10_11_6) AppleWebKit/537.36 (KHTML, like Gecko) Chrome/63.0.3239.132 Safari/537.36",
  "accept": "image/webp,image/apng,image/*,*/*;q=0.8",
  "referer": "http://localhost:8000/index.html",
  "accept-encoding": "gzip, deflate, br",
  "accept-language": "en-US,en;q=0.9",
  "cookie": "logInFailed=true; sessionid=1515500854789"
}
COOKIES=> {
  "logInFailed": "true",
  "sessionid": "1515500854789"
}
BODY=> {}
------------------------------
Tue Jan 09 2018 17:59:04
GET /img/animated-flower-image-0021.gif
HEADERS=> {
  "host": "localhost:8000",
  "connection": "keep-alive",
  "user-agent": "Mozilla/5.0 (Macintosh; Intel Mac OS X 10_11_6) AppleWebKit/537.36 (KHTML, like Gecko) Chrome/63.0.3239.132 Safari/537.36",
  "accept": "image/webp,image/apng,image/*,*/*;q=0.8",
  "referer": "http://localhost:8000/index.html",
  "accept-encoding": "gzip, deflate, br",
  "accept-language": "en-US,en;q=0.9",
  "cookie": "logInFailed=true; sessionid=1515500854789"
}
COOKIES=> {
  "logInFailed": "true",
  "sessionid": "1515500854789"
}
BODY=> {}
------------------------------
Tue Jan 09 2018 17:59:04
GET /favicon.ico
HEADERS=> {
  "host": "localhost:8000",
  "connection": "keep-alive",
  "user-agent": "Mozilla/5.0 (Macintosh; Intel Mac OS X 10_11_6) AppleWebKit/537.36 (KHTML, like Gecko) Chrome/63.0.3239.132 Safari/537.36",
  "accept": "image/webp,image/apng,image/*,*/*;q=0.8",
  "referer": "http://localhost:8000/index.html",
  "accept-encoding": "gzip, deflate, br",
  "accept-language": "en-US,en;q=0.9",
  "cookie": "sessionid=1515500854789"
}
COOKIES=> {
  "sessionid": "1515500854789"
}
BODY=> {}
------------------------------
Tue Jan 09 2018 17:59:10
GET /logout.html
HEADERS=> {
  "host": "localhost:8000",
  "connection": "keep-alive",
  "upgrade-insecure-requests": "1",
  "user-agent": "Mozilla/5.0 (Macintosh; Intel Mac OS X 10_11_6) AppleWebKit/537.36 (KHTML, like Gecko) Chrome/63.0.3239.132 Safari/537.36",
  "accept": "text/html,application/xhtml+xml,application/xml;q=0.9,image/webp,image/apng,*/*;q=0.8",
  "referer": "http://localhost:8000/index.html",
  "accept-encoding": "gzip, deflate, br",
  "accept-language": "en-US,en;q=0.9",
  "cookie": "sessionid=1515500854789"
}
COOKIES=> {
  "sessionid": "1515500854789"
}
BODY=> {}
------------------------------
Tue Jan 09 2018 17:59:10
GET /favicon.ico
HEADERS=> {
  "host": "localhost:8000",
  "connection": "keep-alive",
  "user-agent": "Mozilla/5.0 (Macintosh; Intel Mac OS X 10_11_6) AppleWebKit/537.36 (KHTML, like Gecko) Chrome/63.0.3239.132 Safari/537.36",
  "accept": "image/webp,image/apng,image/*,*/*;q=0.8",
  "referer": "http://localhost:8000/logout.html",
  "accept-encoding": "gzip, deflate, br",
  "accept-language": "en-US,en;q=0.9"
}
COOKIES=> {}
BODY=> {}
------------------------------
Tue Jan 09 2018 17:59:32
GET /index.html
HEADERS=> {
  "host": "localhost:8000",
  "connection": "keep-alive",
  "upgrade-insecure-requests": "1",
  "user-agent": "Mozilla/5.0 (Macintosh; Intel Mac OS X 10_11_6) AppleWebKit/537.36 (KHTML, like Gecko) Chrome/63.0.3239.132 Safari/537.36",
  "accept": "text/html,application/xhtml+xml,application/xml;q=0.9,image/webp,image/apng,*/*;q=0.8",
  "referer": "http://localhost:8000/logout.html",
  "accept-encoding": "gzip, deflate, br",
  "accept-language": "en-US,en;q=0.9"
}
COOKIES=> {}
BODY=> {}
------------------------------
Tue Jan 09 2018 17:59:32
GET /css/style.css
HEADERS=> {
  "host": "localhost:8000",
  "connection": "keep-alive",
  "user-agent": "Mozilla/5.0 (Macintosh; Intel Mac OS X 10_11_6) AppleWebKit/537.36 (KHTML, like Gecko) Chrome/63.0.3239.132 Safari/537.36",
  "accept": "text/css,*/*;q=0.1",
  "referer": "http://localhost:8000/index.html",
  "accept-encoding": "gzip, deflate, br",
  "accept-language": "en-US,en;q=0.9",
  "cookie": "logInFailed=true"
}
COOKIES=> {
  "logInFailed": "true"
}
BODY=> {}
------------------------------
Tue Jan 09 2018 17:59:32
GET /js/index.js
HEADERS=> {
  "host": "localhost:8000",
  "connection": "keep-alive",
  "user-agent": "Mozilla/5.0 (Macintosh; Intel Mac OS X 10_11_6) AppleWebKit/537.36 (KHTML, like Gecko) Chrome/63.0.3239.132 Safari/537.36",
  "accept": "*/*",
  "referer": "http://localhost:8000/index.html",
  "accept-encoding": "gzip, deflate, br",
  "accept-language": "en-US,en;q=0.9",
  "cookie": "logInFailed=true"
}
COOKIES=> {
  "logInFailed": "true"
}
BODY=> {}
------------------------------
Tue Jan 09 2018 17:59:32
GET /img/freshorigins.jpg
HEADERS=> {
  "host": "localhost:8000",
  "connection": "keep-alive",
  "user-agent": "Mozilla/5.0 (Macintosh; Intel Mac OS X 10_11_6) AppleWebKit/537.36 (KHTML, like Gecko) Chrome/63.0.3239.132 Safari/537.36",
  "accept": "image/webp,image/apng,image/*,*/*;q=0.8",
  "referer": "http://localhost:8000/index.html",
  "accept-encoding": "gzip, deflate, br",
  "accept-language": "en-US,en;q=0.9",
  "cookie": "logInFailed=true"
}
COOKIES=> {
  "logInFailed": "true"
}
BODY=> {}
------------------------------
Tue Jan 09 2018 17:59:32
GET /img/animated-flower-image-0021.gif
HEADERS=> {
  "host": "localhost:8000",
  "connection": "keep-alive",
  "user-agent": "Mozilla/5.0 (Macintosh; Intel Mac OS X 10_11_6) AppleWebKit/537.36 (KHTML, like Gecko) Chrome/63.0.3239.132 Safari/537.36",
  "accept": "image/webp,image/apng,image/*,*/*;q=0.8",
  "referer": "http://localhost:8000/index.html",
  "accept-encoding": "gzip, deflate, br",
  "accept-language": "en-US,en;q=0.9",
  "cookie": "logInFailed=true"
}
COOKIES=> {
  "logInFailed": "true"
}
BODY=> {}
------------------------------
Tue Jan 09 2018 17:59:32
GET /favicon.ico
HEADERS=> {
  "host": "localhost:8000",
  "connection": "keep-alive",
  "user-agent": "Mozilla/5.0 (Macintosh; Intel Mac OS X 10_11_6) AppleWebKit/537.36 (KHTML, like Gecko) Chrome/63.0.3239.132 Safari/537.36",
  "accept": "image/webp,image/apng,image/*,*/*;q=0.8",
  "referer": "http://localhost:8000/index.html",
  "accept-encoding": "gzip, deflate, br",
  "accept-language": "en-US,en;q=0.9"
}
COOKIES=> {}
BODY=> {}
------------------------------
Tue Jan 09 2018 17:59:35
GET /login.html
HEADERS=> {
  "host": "localhost:8000",
  "connection": "keep-alive",
  "upgrade-insecure-requests": "1",
  "user-agent": "Mozilla/5.0 (Macintosh; Intel Mac OS X 10_11_6) AppleWebKit/537.36 (KHTML, like Gecko) Chrome/63.0.3239.132 Safari/537.36",
  "accept": "text/html,application/xhtml+xml,application/xml;q=0.9,image/webp,image/apng,*/*;q=0.8",
  "referer": "http://localhost:8000/index.html",
  "accept-encoding": "gzip, deflate, br",
  "accept-language": "en-US,en;q=0.9"
}
COOKIES=> {}
BODY=> {}
------------------------------
Tue Jan 09 2018 17:59:35
GET /favicon.ico
HEADERS=> {
  "host": "localhost:8000",
  "connection": "keep-alive",
  "user-agent": "Mozilla/5.0 (Macintosh; Intel Mac OS X 10_11_6) AppleWebKit/537.36 (KHTML, like Gecko) Chrome/63.0.3239.132 Safari/537.36",
  "accept": "image/webp,image/apng,image/*,*/*;q=0.8",
  "referer": "http://localhost:8000/login.html",
  "accept-encoding": "gzip, deflate, br",
  "accept-language": "en-US,en;q=0.9"
}
COOKIES=> {}
BODY=> {}
------------------------------
Tue Jan 09 2018 17:59:40
POST /index.html
HEADERS=> {
  "host": "localhost:8000",
  "connection": "keep-alive",
  "content-length": "14",
  "cache-control": "max-age=0",
  "origin": "http://localhost:8000",
  "upgrade-insecure-requests": "1",
  "content-type": "application/x-www-form-urlencoded",
  "user-agent": "Mozilla/5.0 (Macintosh; Intel Mac OS X 10_11_6) AppleWebKit/537.36 (KHTML, like Gecko) Chrome/63.0.3239.132 Safari/537.36",
  "accept": "text/html,application/xhtml+xml,application/xml;q=0.9,image/webp,image/apng,*/*;q=0.8",
  "referer": "http://localhost:8000/login.html",
  "accept-encoding": "gzip, deflate, br",
  "accept-language": "en-US,en;q=0.9"
}
COOKIES=> {}
BODY=> {
  "userName": "rahul"
}
------------------------------
Tue Jan 09 2018 17:59:40
GET /css/style.css
HEADERS=> {
  "host": "localhost:8000",
  "connection": "keep-alive",
  "user-agent": "Mozilla/5.0 (Macintosh; Intel Mac OS X 10_11_6) AppleWebKit/537.36 (KHTML, like Gecko) Chrome/63.0.3239.132 Safari/537.36",
  "accept": "text/css,*/*;q=0.1",
  "referer": "http://localhost:8000/index.html",
  "accept-encoding": "gzip, deflate, br",
  "accept-language": "en-US,en;q=0.9",
  "cookie": "logInFailed=true; sessionid=1515500980133"
}
COOKIES=> {
  "logInFailed": "true",
  "sessionid": "1515500980133"
}
BODY=> {}
------------------------------
Tue Jan 09 2018 17:59:40
GET /js/index.js
HEADERS=> {
  "host": "localhost:8000",
  "connection": "keep-alive",
  "user-agent": "Mozilla/5.0 (Macintosh; Intel Mac OS X 10_11_6) AppleWebKit/537.36 (KHTML, like Gecko) Chrome/63.0.3239.132 Safari/537.36",
  "accept": "*/*",
  "referer": "http://localhost:8000/index.html",
  "accept-encoding": "gzip, deflate, br",
  "accept-language": "en-US,en;q=0.9",
  "cookie": "logInFailed=true; sessionid=1515500980133"
}
COOKIES=> {
  "logInFailed": "true",
  "sessionid": "1515500980133"
}
BODY=> {}
------------------------------
Tue Jan 09 2018 17:59:40
GET /img/freshorigins.jpg
HEADERS=> {
  "host": "localhost:8000",
  "connection": "keep-alive",
  "user-agent": "Mozilla/5.0 (Macintosh; Intel Mac OS X 10_11_6) AppleWebKit/537.36 (KHTML, like Gecko) Chrome/63.0.3239.132 Safari/537.36",
  "accept": "image/webp,image/apng,image/*,*/*;q=0.8",
  "referer": "http://localhost:8000/index.html",
  "accept-encoding": "gzip, deflate, br",
  "accept-language": "en-US,en;q=0.9",
  "cookie": "logInFailed=true; sessionid=1515500980133"
}
COOKIES=> {
  "logInFailed": "true",
  "sessionid": "1515500980133"
}
BODY=> {}
------------------------------
Tue Jan 09 2018 17:59:40
GET /img/animated-flower-image-0021.gif
HEADERS=> {
  "host": "localhost:8000",
  "connection": "keep-alive",
  "user-agent": "Mozilla/5.0 (Macintosh; Intel Mac OS X 10_11_6) AppleWebKit/537.36 (KHTML, like Gecko) Chrome/63.0.3239.132 Safari/537.36",
  "accept": "image/webp,image/apng,image/*,*/*;q=0.8",
  "referer": "http://localhost:8000/index.html",
  "accept-encoding": "gzip, deflate, br",
  "accept-language": "en-US,en;q=0.9",
  "cookie": "logInFailed=true; sessionid=1515500980133"
}
COOKIES=> {
  "logInFailed": "true",
  "sessionid": "1515500980133"
}
BODY=> {}
------------------------------
Tue Jan 09 2018 17:59:40
GET /favicon.ico
HEADERS=> {
  "host": "localhost:8000",
  "connection": "keep-alive",
  "user-agent": "Mozilla/5.0 (Macintosh; Intel Mac OS X 10_11_6) AppleWebKit/537.36 (KHTML, like Gecko) Chrome/63.0.3239.132 Safari/537.36",
  "accept": "image/webp,image/apng,image/*,*/*;q=0.8",
  "referer": "http://localhost:8000/index.html",
  "accept-encoding": "gzip, deflate, br",
  "accept-language": "en-US,en;q=0.9",
  "cookie": "sessionid=1515500980133"
}
COOKIES=> {
  "sessionid": "1515500980133"
}
BODY=> {}
------------------------------
Tue Jan 09 2018 17:59:49
GET /guestBook.html
HEADERS=> {
  "host": "localhost:8000",
  "connection": "keep-alive",
  "upgrade-insecure-requests": "1",
  "user-agent": "Mozilla/5.0 (Macintosh; Intel Mac OS X 10_11_6) AppleWebKit/537.36 (KHTML, like Gecko) Chrome/63.0.3239.132 Safari/537.36",
  "accept": "text/html,application/xhtml+xml,application/xml;q=0.9,image/webp,image/apng,*/*;q=0.8",
  "referer": "http://localhost:8000/index.html",
  "accept-encoding": "gzip, deflate, br",
  "accept-language": "en-US,en;q=0.9",
  "cookie": "sessionid=1515500980133"
}
COOKIES=> {
  "sessionid": "1515500980133"
}
BODY=> {}
------------------------------
Tue Jan 09 2018 17:59:49
GET /css/style.css
HEADERS=> {
  "host": "localhost:8000",
  "connection": "keep-alive",
  "user-agent": "Mozilla/5.0 (Macintosh; Intel Mac OS X 10_11_6) AppleWebKit/537.36 (KHTML, like Gecko) Chrome/63.0.3239.132 Safari/537.36",
  "accept": "text/css,*/*;q=0.1",
  "referer": "http://localhost:8000/guestBook.html",
  "accept-encoding": "gzip, deflate, br",
  "accept-language": "en-US,en;q=0.9",
  "cookie": "logInFailed=true; sessionid=1515500980133"
}
COOKIES=> {
  "logInFailed": "true",
  "sessionid": "1515500980133"
}
BODY=> {}
------------------------------
Tue Jan 09 2018 17:59:49
GET /favicon.ico
HEADERS=> {
  "host": "localhost:8000",
  "connection": "keep-alive",
  "user-agent": "Mozilla/5.0 (Macintosh; Intel Mac OS X 10_11_6) AppleWebKit/537.36 (KHTML, like Gecko) Chrome/63.0.3239.132 Safari/537.36",
  "accept": "image/webp,image/apng,image/*,*/*;q=0.8",
  "referer": "http://localhost:8000/guestBook.html",
  "accept-encoding": "gzip, deflate, br",
  "accept-language": "en-US,en;q=0.9",
  "cookie": "sessionid=1515500980133"
}
COOKIES=> {
  "sessionid": "1515500980133"
}
BODY=> {}
------------------------------
Tue Jan 09 2018 18:01:11
GET /guestBook.html
HEADERS=> {
  "host": "localhost:8000",
  "connection": "keep-alive",
  "cache-control": "max-age=0",
  "user-agent": "Mozilla/5.0 (Macintosh; Intel Mac OS X 10_11_6) AppleWebKit/537.36 (KHTML, like Gecko) Chrome/63.0.3239.132 Safari/537.36",
  "upgrade-insecure-requests": "1",
  "accept": "text/html,application/xhtml+xml,application/xml;q=0.9,image/webp,image/apng,*/*;q=0.8",
  "accept-encoding": "gzip, deflate, br",
  "accept-language": "en-US,en;q=0.9",
  "cookie": "sessionid=1515500980133"
}
COOKIES=> {
  "sessionid": "1515500980133"
}
BODY=> {}
------------------------------
Tue Jan 09 2018 18:01:12
GET /css/style.css
HEADERS=> {
  "host": "localhost:8000",
  "connection": "keep-alive",
  "user-agent": "Mozilla/5.0 (Macintosh; Intel Mac OS X 10_11_6) AppleWebKit/537.36 (KHTML, like Gecko) Chrome/63.0.3239.132 Safari/537.36",
  "accept": "text/css,*/*;q=0.1",
  "referer": "http://localhost:8000/guestBook.html",
  "accept-encoding": "gzip, deflate, br",
  "accept-language": "en-US,en;q=0.9",
  "cookie": "logInFailed=true; sessionid=1515500980133"
}
COOKIES=> {
  "logInFailed": "true",
  "sessionid": "1515500980133"
}
BODY=> {}
------------------------------
Tue Jan 09 2018 18:01:12
GET /favicon.ico
HEADERS=> {
  "host": "localhost:8000",
  "connection": "keep-alive",
  "user-agent": "Mozilla/5.0 (Macintosh; Intel Mac OS X 10_11_6) AppleWebKit/537.36 (KHTML, like Gecko) Chrome/63.0.3239.132 Safari/537.36",
  "accept": "image/webp,image/apng,image/*,*/*;q=0.8",
  "referer": "http://localhost:8000/guestBook.html",
  "accept-encoding": "gzip, deflate, br",
  "accept-language": "en-US,en;q=0.9",
  "cookie": "sessionid=1515500980133"
}
COOKIES=> {
  "sessionid": "1515500980133"
}
BODY=> {}
------------------------------
Tue Jan 09 2018 18:01:26
GET /logout.html
HEADERS=> {
  "host": "localhost:8000",
  "connection": "keep-alive",
  "user-agent": "Mozilla/5.0 (Macintosh; Intel Mac OS X 10_11_6) AppleWebKit/537.36 (KHTML, like Gecko) Chrome/63.0.3239.132 Safari/537.36",
  "upgrade-insecure-requests": "1",
  "accept": "text/html,application/xhtml+xml,application/xml;q=0.9,image/webp,image/apng,*/*;q=0.8",
  "accept-encoding": "gzip, deflate, br",
  "accept-language": "en-US,en;q=0.9",
  "cookie": "sessionid=1515500980133"
}
COOKIES=> {
  "sessionid": "1515500980133"
}
BODY=> {}
------------------------------
Tue Jan 09 2018 18:01:26
GET /favicon.ico
HEADERS=> {
  "host": "localhost:8000",
  "connection": "keep-alive",
  "user-agent": "Mozilla/5.0 (Macintosh; Intel Mac OS X 10_11_6) AppleWebKit/537.36 (KHTML, like Gecko) Chrome/63.0.3239.132 Safari/537.36",
  "accept": "image/webp,image/apng,image/*,*/*;q=0.8",
  "referer": "http://localhost:8000/logout.html",
  "accept-encoding": "gzip, deflate, br",
  "accept-language": "en-US,en;q=0.9"
}
COOKIES=> {}
BODY=> {}
------------------------------
Tue Jan 09 2018 18:01:28
GET /index.html
HEADERS=> {
  "host": "localhost:8000",
  "connection": "keep-alive",
  "upgrade-insecure-requests": "1",
  "user-agent": "Mozilla/5.0 (Macintosh; Intel Mac OS X 10_11_6) AppleWebKit/537.36 (KHTML, like Gecko) Chrome/63.0.3239.132 Safari/537.36",
  "accept": "text/html,application/xhtml+xml,application/xml;q=0.9,image/webp,image/apng,*/*;q=0.8",
  "referer": "http://localhost:8000/logout.html",
  "accept-encoding": "gzip, deflate, br",
  "accept-language": "en-US,en;q=0.9"
}
COOKIES=> {}
BODY=> {}
------------------------------
Tue Jan 09 2018 18:01:28
GET /css/style.css
HEADERS=> {
  "host": "localhost:8000",
  "connection": "keep-alive",
  "user-agent": "Mozilla/5.0 (Macintosh; Intel Mac OS X 10_11_6) AppleWebKit/537.36 (KHTML, like Gecko) Chrome/63.0.3239.132 Safari/537.36",
  "accept": "text/css,*/*;q=0.1",
  "referer": "http://localhost:8000/index.html",
  "accept-encoding": "gzip, deflate, br",
  "accept-language": "en-US,en;q=0.9",
  "cookie": "logInFailed=true"
}
COOKIES=> {
  "logInFailed": "true"
}
BODY=> {}
------------------------------
Tue Jan 09 2018 18:01:28
GET /js/index.js
HEADERS=> {
  "host": "localhost:8000",
  "connection": "keep-alive",
  "user-agent": "Mozilla/5.0 (Macintosh; Intel Mac OS X 10_11_6) AppleWebKit/537.36 (KHTML, like Gecko) Chrome/63.0.3239.132 Safari/537.36",
  "accept": "*/*",
  "referer": "http://localhost:8000/index.html",
  "accept-encoding": "gzip, deflate, br",
  "accept-language": "en-US,en;q=0.9",
  "cookie": "logInFailed=true"
}
COOKIES=> {
  "logInFailed": "true"
}
BODY=> {}
------------------------------
Tue Jan 09 2018 18:01:28
GET /img/freshorigins.jpg
HEADERS=> {
  "host": "localhost:8000",
  "connection": "keep-alive",
  "user-agent": "Mozilla/5.0 (Macintosh; Intel Mac OS X 10_11_6) AppleWebKit/537.36 (KHTML, like Gecko) Chrome/63.0.3239.132 Safari/537.36",
  "accept": "image/webp,image/apng,image/*,*/*;q=0.8",
  "referer": "http://localhost:8000/index.html",
  "accept-encoding": "gzip, deflate, br",
  "accept-language": "en-US,en;q=0.9",
  "cookie": "logInFailed=true"
}
COOKIES=> {
  "logInFailed": "true"
}
BODY=> {}
------------------------------
Tue Jan 09 2018 18:01:28
GET /img/animated-flower-image-0021.gif
HEADERS=> {
  "host": "localhost:8000",
  "connection": "keep-alive",
  "user-agent": "Mozilla/5.0 (Macintosh; Intel Mac OS X 10_11_6) AppleWebKit/537.36 (KHTML, like Gecko) Chrome/63.0.3239.132 Safari/537.36",
  "accept": "image/webp,image/apng,image/*,*/*;q=0.8",
  "referer": "http://localhost:8000/index.html",
  "accept-encoding": "gzip, deflate, br",
  "accept-language": "en-US,en;q=0.9",
  "cookie": "logInFailed=true"
}
COOKIES=> {
  "logInFailed": "true"
}
BODY=> {}
------------------------------
Tue Jan 09 2018 18:01:28
GET /favicon.ico
HEADERS=> {
  "host": "localhost:8000",
  "connection": "keep-alive",
  "user-agent": "Mozilla/5.0 (Macintosh; Intel Mac OS X 10_11_6) AppleWebKit/537.36 (KHTML, like Gecko) Chrome/63.0.3239.132 Safari/537.36",
  "accept": "image/webp,image/apng,image/*,*/*;q=0.8",
  "referer": "http://localhost:8000/index.html",
  "accept-encoding": "gzip, deflate, br",
  "accept-language": "en-US,en;q=0.9"
}
COOKIES=> {}
BODY=> {}
------------------------------
Tue Jan 09 2018 18:01:30
GET /guestBook.html
HEADERS=> {
  "host": "localhost:8000",
  "connection": "keep-alive",
  "upgrade-insecure-requests": "1",
  "user-agent": "Mozilla/5.0 (Macintosh; Intel Mac OS X 10_11_6) AppleWebKit/537.36 (KHTML, like Gecko) Chrome/63.0.3239.132 Safari/537.36",
  "accept": "text/html,application/xhtml+xml,application/xml;q=0.9,image/webp,image/apng,*/*;q=0.8",
  "referer": "http://localhost:8000/index.html",
  "accept-encoding": "gzip, deflate, br",
  "accept-language": "en-US,en;q=0.9"
}
COOKIES=> {}
BODY=> {}
------------------------------
Tue Jan 09 2018 18:01:30
GET /favicon.ico
HEADERS=> {
  "host": "localhost:8000",
  "connection": "keep-alive",
  "user-agent": "Mozilla/5.0 (Macintosh; Intel Mac OS X 10_11_6) AppleWebKit/537.36 (KHTML, like Gecko) Chrome/63.0.3239.132 Safari/537.36",
  "accept": "image/webp,image/apng,image/*,*/*;q=0.8",
  "referer": "http://localhost:8000/guestBook.html",
  "accept-encoding": "gzip, deflate, br",
  "accept-language": "en-US,en;q=0.9"
}
COOKIES=> {}
BODY=> {}
------------------------------
Tue Jan 09 2018 18:01:31
GET /index.html
HEADERS=> {
  "host": "localhost:8000",
  "connection": "keep-alive",
  "upgrade-insecure-requests": "1",
  "user-agent": "Mozilla/5.0 (Macintosh; Intel Mac OS X 10_11_6) AppleWebKit/537.36 (KHTML, like Gecko) Chrome/63.0.3239.132 Safari/537.36",
  "accept": "text/html,application/xhtml+xml,application/xml;q=0.9,image/webp,image/apng,*/*;q=0.8",
  "referer": "http://localhost:8000/guestBook.html",
  "accept-encoding": "gzip, deflate, br",
  "accept-language": "en-US,en;q=0.9"
}
COOKIES=> {}
BODY=> {}
------------------------------
Tue Jan 09 2018 18:01:31
GET /css/style.css
HEADERS=> {
  "host": "localhost:8000",
  "connection": "keep-alive",
  "user-agent": "Mozilla/5.0 (Macintosh; Intel Mac OS X 10_11_6) AppleWebKit/537.36 (KHTML, like Gecko) Chrome/63.0.3239.132 Safari/537.36",
  "accept": "text/css,*/*;q=0.1",
  "referer": "http://localhost:8000/index.html",
  "accept-encoding": "gzip, deflate, br",
  "accept-language": "en-US,en;q=0.9",
  "cookie": "logInFailed=true"
}
COOKIES=> {
  "logInFailed": "true"
}
BODY=> {}
------------------------------
Tue Jan 09 2018 18:01:31
GET /js/index.js
HEADERS=> {
  "host": "localhost:8000",
  "connection": "keep-alive",
  "user-agent": "Mozilla/5.0 (Macintosh; Intel Mac OS X 10_11_6) AppleWebKit/537.36 (KHTML, like Gecko) Chrome/63.0.3239.132 Safari/537.36",
  "accept": "*/*",
  "referer": "http://localhost:8000/index.html",
  "accept-encoding": "gzip, deflate, br",
  "accept-language": "en-US,en;q=0.9",
  "cookie": "logInFailed=true"
}
COOKIES=> {
  "logInFailed": "true"
}
BODY=> {}
------------------------------
Tue Jan 09 2018 18:01:31
GET /img/freshorigins.jpg
HEADERS=> {
  "host": "localhost:8000",
  "connection": "keep-alive",
  "user-agent": "Mozilla/5.0 (Macintosh; Intel Mac OS X 10_11_6) AppleWebKit/537.36 (KHTML, like Gecko) Chrome/63.0.3239.132 Safari/537.36",
  "accept": "image/webp,image/apng,image/*,*/*;q=0.8",
  "referer": "http://localhost:8000/index.html",
  "accept-encoding": "gzip, deflate, br",
  "accept-language": "en-US,en;q=0.9",
  "cookie": "logInFailed=true"
}
COOKIES=> {
  "logInFailed": "true"
}
BODY=> {}
------------------------------
Tue Jan 09 2018 18:01:31
GET /img/animated-flower-image-0021.gif
HEADERS=> {
  "host": "localhost:8000",
  "connection": "keep-alive",
  "user-agent": "Mozilla/5.0 (Macintosh; Intel Mac OS X 10_11_6) AppleWebKit/537.36 (KHTML, like Gecko) Chrome/63.0.3239.132 Safari/537.36",
  "accept": "image/webp,image/apng,image/*,*/*;q=0.8",
  "referer": "http://localhost:8000/index.html",
  "accept-encoding": "gzip, deflate, br",
  "accept-language": "en-US,en;q=0.9",
  "cookie": "logInFailed=true"
}
COOKIES=> {
  "logInFailed": "true"
}
BODY=> {}
------------------------------
Tue Jan 09 2018 18:01:31
GET /favicon.ico
HEADERS=> {
  "host": "localhost:8000",
  "connection": "keep-alive",
  "user-agent": "Mozilla/5.0 (Macintosh; Intel Mac OS X 10_11_6) AppleWebKit/537.36 (KHTML, like Gecko) Chrome/63.0.3239.132 Safari/537.36",
  "accept": "image/webp,image/apng,image/*,*/*;q=0.8",
  "referer": "http://localhost:8000/index.html",
  "accept-encoding": "gzip, deflate, br",
  "accept-language": "en-US,en;q=0.9"
}
COOKIES=> {}
BODY=> {}
------------------------------
Tue Jan 09 2018 18:01:33
GET /login.html
HEADERS=> {
  "host": "localhost:8000",
  "connection": "keep-alive",
  "upgrade-insecure-requests": "1",
  "user-agent": "Mozilla/5.0 (Macintosh; Intel Mac OS X 10_11_6) AppleWebKit/537.36 (KHTML, like Gecko) Chrome/63.0.3239.132 Safari/537.36",
  "accept": "text/html,application/xhtml+xml,application/xml;q=0.9,image/webp,image/apng,*/*;q=0.8",
  "referer": "http://localhost:8000/index.html",
  "accept-encoding": "gzip, deflate, br",
  "accept-language": "en-US,en;q=0.9"
}
COOKIES=> {}
BODY=> {}
------------------------------
Tue Jan 09 2018 18:01:33
GET /favicon.ico
HEADERS=> {
  "host": "localhost:8000",
  "connection": "keep-alive",
  "user-agent": "Mozilla/5.0 (Macintosh; Intel Mac OS X 10_11_6) AppleWebKit/537.36 (KHTML, like Gecko) Chrome/63.0.3239.132 Safari/537.36",
  "accept": "image/webp,image/apng,image/*,*/*;q=0.8",
  "referer": "http://localhost:8000/login.html",
  "accept-encoding": "gzip, deflate, br",
  "accept-language": "en-US,en;q=0.9"
}
COOKIES=> {}
BODY=> {}
------------------------------
Tue Jan 09 2018 18:01:37
POST /index.html
HEADERS=> {
  "host": "localhost:8000",
  "connection": "keep-alive",
  "content-length": "14",
  "cache-control": "max-age=0",
  "origin": "http://localhost:8000",
  "upgrade-insecure-requests": "1",
  "content-type": "application/x-www-form-urlencoded",
  "user-agent": "Mozilla/5.0 (Macintosh; Intel Mac OS X 10_11_6) AppleWebKit/537.36 (KHTML, like Gecko) Chrome/63.0.3239.132 Safari/537.36",
  "accept": "text/html,application/xhtml+xml,application/xml;q=0.9,image/webp,image/apng,*/*;q=0.8",
  "referer": "http://localhost:8000/login.html",
  "accept-encoding": "gzip, deflate, br",
  "accept-language": "en-US,en;q=0.9"
}
COOKIES=> {}
BODY=> {
  "userName": "rahul"
}
------------------------------
Tue Jan 09 2018 18:01:37
GET /css/style.css
HEADERS=> {
  "host": "localhost:8000",
  "connection": "keep-alive",
  "user-agent": "Mozilla/5.0 (Macintosh; Intel Mac OS X 10_11_6) AppleWebKit/537.36 (KHTML, like Gecko) Chrome/63.0.3239.132 Safari/537.36",
  "accept": "text/css,*/*;q=0.1",
  "referer": "http://localhost:8000/index.html",
  "accept-encoding": "gzip, deflate, br",
  "accept-language": "en-US,en;q=0.9",
  "cookie": "logInFailed=true; sessionid=1515501097091"
}
COOKIES=> {
  "logInFailed": "true",
  "sessionid": "1515501097091"
}
BODY=> {}
------------------------------
Tue Jan 09 2018 18:01:37
GET /js/index.js
HEADERS=> {
  "host": "localhost:8000",
  "connection": "keep-alive",
  "user-agent": "Mozilla/5.0 (Macintosh; Intel Mac OS X 10_11_6) AppleWebKit/537.36 (KHTML, like Gecko) Chrome/63.0.3239.132 Safari/537.36",
  "accept": "*/*",
  "referer": "http://localhost:8000/index.html",
  "accept-encoding": "gzip, deflate, br",
  "accept-language": "en-US,en;q=0.9",
  "cookie": "logInFailed=true; sessionid=1515501097091"
}
COOKIES=> {
  "logInFailed": "true",
  "sessionid": "1515501097091"
}
BODY=> {}
------------------------------
Tue Jan 09 2018 18:01:37
GET /img/freshorigins.jpg
HEADERS=> {
  "host": "localhost:8000",
  "connection": "keep-alive",
  "user-agent": "Mozilla/5.0 (Macintosh; Intel Mac OS X 10_11_6) AppleWebKit/537.36 (KHTML, like Gecko) Chrome/63.0.3239.132 Safari/537.36",
  "accept": "image/webp,image/apng,image/*,*/*;q=0.8",
  "referer": "http://localhost:8000/index.html",
  "accept-encoding": "gzip, deflate, br",
  "accept-language": "en-US,en;q=0.9",
  "cookie": "logInFailed=true; sessionid=1515501097091"
}
COOKIES=> {
  "logInFailed": "true",
  "sessionid": "1515501097091"
}
BODY=> {}
------------------------------
Tue Jan 09 2018 18:01:37
GET /img/animated-flower-image-0021.gif
HEADERS=> {
  "host": "localhost:8000",
  "connection": "keep-alive",
  "user-agent": "Mozilla/5.0 (Macintosh; Intel Mac OS X 10_11_6) AppleWebKit/537.36 (KHTML, like Gecko) Chrome/63.0.3239.132 Safari/537.36",
  "accept": "image/webp,image/apng,image/*,*/*;q=0.8",
  "referer": "http://localhost:8000/index.html",
  "accept-encoding": "gzip, deflate, br",
  "accept-language": "en-US,en;q=0.9",
  "cookie": "logInFailed=true; sessionid=1515501097091"
}
COOKIES=> {
  "logInFailed": "true",
  "sessionid": "1515501097091"
}
BODY=> {}
------------------------------
Tue Jan 09 2018 18:01:37
GET /favicon.ico
HEADERS=> {
  "host": "localhost:8000",
  "connection": "keep-alive",
  "user-agent": "Mozilla/5.0 (Macintosh; Intel Mac OS X 10_11_6) AppleWebKit/537.36 (KHTML, like Gecko) Chrome/63.0.3239.132 Safari/537.36",
  "accept": "image/webp,image/apng,image/*,*/*;q=0.8",
  "referer": "http://localhost:8000/index.html",
  "accept-encoding": "gzip, deflate, br",
  "accept-language": "en-US,en;q=0.9",
  "cookie": "sessionid=1515501097091"
}
COOKIES=> {
  "sessionid": "1515501097091"
}
BODY=> {}
------------------------------
Tue Jan 09 2018 18:01:38
GET /guestBook.html
HEADERS=> {
  "host": "localhost:8000",
  "connection": "keep-alive",
  "upgrade-insecure-requests": "1",
  "user-agent": "Mozilla/5.0 (Macintosh; Intel Mac OS X 10_11_6) AppleWebKit/537.36 (KHTML, like Gecko) Chrome/63.0.3239.132 Safari/537.36",
  "accept": "text/html,application/xhtml+xml,application/xml;q=0.9,image/webp,image/apng,*/*;q=0.8",
  "referer": "http://localhost:8000/index.html",
  "accept-encoding": "gzip, deflate, br",
  "accept-language": "en-US,en;q=0.9",
  "cookie": "sessionid=1515501097091"
}
COOKIES=> {
  "sessionid": "1515501097091"
}
BODY=> {}
------------------------------
Tue Jan 09 2018 18:01:39
GET /css/style.css
HEADERS=> {
  "host": "localhost:8000",
  "connection": "keep-alive",
  "user-agent": "Mozilla/5.0 (Macintosh; Intel Mac OS X 10_11_6) AppleWebKit/537.36 (KHTML, like Gecko) Chrome/63.0.3239.132 Safari/537.36",
  "accept": "text/css,*/*;q=0.1",
  "referer": "http://localhost:8000/guestBook.html",
  "accept-encoding": "gzip, deflate, br",
  "accept-language": "en-US,en;q=0.9",
  "cookie": "logInFailed=true; sessionid=1515501097091"
}
COOKIES=> {
  "logInFailed": "true",
  "sessionid": "1515501097091"
}
BODY=> {}
------------------------------
Tue Jan 09 2018 18:01:39
GET /favicon.ico
HEADERS=> {
  "host": "localhost:8000",
  "connection": "keep-alive",
  "user-agent": "Mozilla/5.0 (Macintosh; Intel Mac OS X 10_11_6) AppleWebKit/537.36 (KHTML, like Gecko) Chrome/63.0.3239.132 Safari/537.36",
  "accept": "image/webp,image/apng,image/*,*/*;q=0.8",
  "referer": "http://localhost:8000/guestBook.html",
  "accept-encoding": "gzip, deflate, br",
  "accept-language": "en-US,en;q=0.9",
  "cookie": "sessionid=1515501097091"
}
COOKIES=> {
  "sessionid": "1515501097091"
}
BODY=> {}
------------------------------
Tue Jan 09 2018 18:02:12
GET /index.html
HEADERS=> {
  "host": "localhost:8000",
  "connection": "keep-alive",
  "upgrade-insecure-requests": "1",
  "user-agent": "Mozilla/5.0 (Macintosh; Intel Mac OS X 10_11_6) AppleWebKit/537.36 (KHTML, like Gecko) Chrome/63.0.3239.132 Safari/537.36",
  "accept": "text/html,application/xhtml+xml,application/xml;q=0.9,image/webp,image/apng,*/*;q=0.8",
  "referer": "http://localhost:8000/guestBook.html",
  "accept-encoding": "gzip, deflate, br",
  "accept-language": "en-US,en;q=0.9",
  "cookie": "sessionid=1515501097091"
}
COOKIES=> {
  "sessionid": "1515501097091"
}
BODY=> {}
------------------------------
Tue Jan 09 2018 18:02:12
GET /css/style.css
HEADERS=> {
  "host": "localhost:8000",
  "connection": "keep-alive",
  "user-agent": "Mozilla/5.0 (Macintosh; Intel Mac OS X 10_11_6) AppleWebKit/537.36 (KHTML, like Gecko) Chrome/63.0.3239.132 Safari/537.36",
  "accept": "text/css,*/*;q=0.1",
  "referer": "http://localhost:8000/index.html",
  "accept-encoding": "gzip, deflate, br",
  "accept-language": "en-US,en;q=0.9",
  "cookie": "logInFailed=true; sessionid=1515501097091"
}
COOKIES=> {
  "logInFailed": "true",
  "sessionid": "1515501097091"
}
BODY=> {}
------------------------------
Tue Jan 09 2018 18:02:12
GET /js/index.js
HEADERS=> {
  "host": "localhost:8000",
  "connection": "keep-alive",
  "user-agent": "Mozilla/5.0 (Macintosh; Intel Mac OS X 10_11_6) AppleWebKit/537.36 (KHTML, like Gecko) Chrome/63.0.3239.132 Safari/537.36",
  "accept": "*/*",
  "referer": "http://localhost:8000/index.html",
  "accept-encoding": "gzip, deflate, br",
  "accept-language": "en-US,en;q=0.9",
  "cookie": "logInFailed=true; sessionid=1515501097091"
}
COOKIES=> {
  "logInFailed": "true",
  "sessionid": "1515501097091"
}
BODY=> {}
------------------------------
Tue Jan 09 2018 18:02:12
GET /img/freshorigins.jpg
HEADERS=> {
  "host": "localhost:8000",
  "connection": "keep-alive",
  "user-agent": "Mozilla/5.0 (Macintosh; Intel Mac OS X 10_11_6) AppleWebKit/537.36 (KHTML, like Gecko) Chrome/63.0.3239.132 Safari/537.36",
  "accept": "image/webp,image/apng,image/*,*/*;q=0.8",
  "referer": "http://localhost:8000/index.html",
  "accept-encoding": "gzip, deflate, br",
  "accept-language": "en-US,en;q=0.9",
  "cookie": "logInFailed=true; sessionid=1515501097091"
}
COOKIES=> {
  "logInFailed": "true",
  "sessionid": "1515501097091"
}
BODY=> {}
------------------------------
Tue Jan 09 2018 18:02:12
GET /img/animated-flower-image-0021.gif
HEADERS=> {
  "host": "localhost:8000",
  "connection": "keep-alive",
  "user-agent": "Mozilla/5.0 (Macintosh; Intel Mac OS X 10_11_6) AppleWebKit/537.36 (KHTML, like Gecko) Chrome/63.0.3239.132 Safari/537.36",
  "accept": "image/webp,image/apng,image/*,*/*;q=0.8",
  "referer": "http://localhost:8000/index.html",
  "accept-encoding": "gzip, deflate, br",
  "accept-language": "en-US,en;q=0.9",
  "cookie": "logInFailed=true; sessionid=1515501097091"
}
COOKIES=> {
  "logInFailed": "true",
  "sessionid": "1515501097091"
}
BODY=> {}
------------------------------
Tue Jan 09 2018 18:02:12
GET /favicon.ico
HEADERS=> {
  "host": "localhost:8000",
  "connection": "keep-alive",
  "user-agent": "Mozilla/5.0 (Macintosh; Intel Mac OS X 10_11_6) AppleWebKit/537.36 (KHTML, like Gecko) Chrome/63.0.3239.132 Safari/537.36",
  "accept": "image/webp,image/apng,image/*,*/*;q=0.8",
  "referer": "http://localhost:8000/index.html",
  "accept-encoding": "gzip, deflate, br",
  "accept-language": "en-US,en;q=0.9",
  "cookie": "sessionid=1515501097091"
}
COOKIES=> {
  "sessionid": "1515501097091"
}
BODY=> {}
------------------------------
Tue Jan 09 2018 18:02:13
GET /logout.html
HEADERS=> {
  "host": "localhost:8000",
  "connection": "keep-alive",
  "upgrade-insecure-requests": "1",
  "user-agent": "Mozilla/5.0 (Macintosh; Intel Mac OS X 10_11_6) AppleWebKit/537.36 (KHTML, like Gecko) Chrome/63.0.3239.132 Safari/537.36",
  "accept": "text/html,application/xhtml+xml,application/xml;q=0.9,image/webp,image/apng,*/*;q=0.8",
  "referer": "http://localhost:8000/index.html",
  "accept-encoding": "gzip, deflate, br",
  "accept-language": "en-US,en;q=0.9",
  "cookie": "sessionid=1515501097091"
}
COOKIES=> {
  "sessionid": "1515501097091"
}
BODY=> {}
------------------------------
Tue Jan 09 2018 18:02:13
GET /favicon.ico
HEADERS=> {
  "host": "localhost:8000",
  "connection": "keep-alive",
  "user-agent": "Mozilla/5.0 (Macintosh; Intel Mac OS X 10_11_6) AppleWebKit/537.36 (KHTML, like Gecko) Chrome/63.0.3239.132 Safari/537.36",
  "accept": "image/webp,image/apng,image/*,*/*;q=0.8",
  "referer": "http://localhost:8000/logout.html",
  "accept-encoding": "gzip, deflate, br",
  "accept-language": "en-US,en;q=0.9"
}
COOKIES=> {}
BODY=> {}
------------------------------
Tue Jan 09 2018 18:02:14
GET /index.html
HEADERS=> {
  "host": "localhost:8000",
  "connection": "keep-alive",
  "upgrade-insecure-requests": "1",
  "user-agent": "Mozilla/5.0 (Macintosh; Intel Mac OS X 10_11_6) AppleWebKit/537.36 (KHTML, like Gecko) Chrome/63.0.3239.132 Safari/537.36",
  "accept": "text/html,application/xhtml+xml,application/xml;q=0.9,image/webp,image/apng,*/*;q=0.8",
  "referer": "http://localhost:8000/logout.html",
  "accept-encoding": "gzip, deflate, br",
  "accept-language": "en-US,en;q=0.9"
}
COOKIES=> {}
BODY=> {}
------------------------------
Tue Jan 09 2018 18:02:14
GET /css/style.css
HEADERS=> {
  "host": "localhost:8000",
  "connection": "keep-alive",
  "user-agent": "Mozilla/5.0 (Macintosh; Intel Mac OS X 10_11_6) AppleWebKit/537.36 (KHTML, like Gecko) Chrome/63.0.3239.132 Safari/537.36",
  "accept": "text/css,*/*;q=0.1",
  "referer": "http://localhost:8000/index.html",
  "accept-encoding": "gzip, deflate, br",
  "accept-language": "en-US,en;q=0.9",
  "cookie": "logInFailed=true"
}
COOKIES=> {
  "logInFailed": "true"
}
BODY=> {}
------------------------------
Tue Jan 09 2018 18:02:14
GET /js/index.js
HEADERS=> {
  "host": "localhost:8000",
  "connection": "keep-alive",
  "user-agent": "Mozilla/5.0 (Macintosh; Intel Mac OS X 10_11_6) AppleWebKit/537.36 (KHTML, like Gecko) Chrome/63.0.3239.132 Safari/537.36",
  "accept": "*/*",
  "referer": "http://localhost:8000/index.html",
  "accept-encoding": "gzip, deflate, br",
  "accept-language": "en-US,en;q=0.9",
  "cookie": "logInFailed=true"
}
COOKIES=> {
  "logInFailed": "true"
}
BODY=> {}
------------------------------
Tue Jan 09 2018 18:02:14
GET /img/freshorigins.jpg
HEADERS=> {
  "host": "localhost:8000",
  "connection": "keep-alive",
  "user-agent": "Mozilla/5.0 (Macintosh; Intel Mac OS X 10_11_6) AppleWebKit/537.36 (KHTML, like Gecko) Chrome/63.0.3239.132 Safari/537.36",
  "accept": "image/webp,image/apng,image/*,*/*;q=0.8",
  "referer": "http://localhost:8000/index.html",
  "accept-encoding": "gzip, deflate, br",
  "accept-language": "en-US,en;q=0.9",
  "cookie": "logInFailed=true"
}
COOKIES=> {
  "logInFailed": "true"
}
BODY=> {}
------------------------------
Tue Jan 09 2018 18:02:14
GET /img/animated-flower-image-0021.gif
HEADERS=> {
  "host": "localhost:8000",
  "connection": "keep-alive",
  "user-agent": "Mozilla/5.0 (Macintosh; Intel Mac OS X 10_11_6) AppleWebKit/537.36 (KHTML, like Gecko) Chrome/63.0.3239.132 Safari/537.36",
  "accept": "image/webp,image/apng,image/*,*/*;q=0.8",
  "referer": "http://localhost:8000/index.html",
  "accept-encoding": "gzip, deflate, br",
  "accept-language": "en-US,en;q=0.9",
  "cookie": "logInFailed=true"
}
COOKIES=> {
  "logInFailed": "true"
}
BODY=> {}
------------------------------
Tue Jan 09 2018 18:02:14
GET /favicon.ico
HEADERS=> {
  "host": "localhost:8000",
  "connection": "keep-alive",
  "user-agent": "Mozilla/5.0 (Macintosh; Intel Mac OS X 10_11_6) AppleWebKit/537.36 (KHTML, like Gecko) Chrome/63.0.3239.132 Safari/537.36",
  "accept": "image/webp,image/apng,image/*,*/*;q=0.8",
  "referer": "http://localhost:8000/index.html",
  "accept-encoding": "gzip, deflate, br",
  "accept-language": "en-US,en;q=0.9"
}
COOKIES=> {}
BODY=> {}
------------------------------
Tue Jan 09 2018 18:02:23
GET /index.html
HEADERS=> {
  "host": "localhost:8000",
  "connection": "keep-alive",
  "cache-control": "max-age=0",
  "user-agent": "Mozilla/5.0 (Macintosh; Intel Mac OS X 10_11_6) AppleWebKit/537.36 (KHTML, like Gecko) Chrome/63.0.3239.132 Safari/537.36",
  "upgrade-insecure-requests": "1",
  "accept": "text/html,application/xhtml+xml,application/xml;q=0.9,image/webp,image/apng,*/*;q=0.8",
  "accept-encoding": "gzip, deflate, br",
  "accept-language": "en-US,en;q=0.9"
}
COOKIES=> {}
BODY=> {}
------------------------------
Tue Jan 09 2018 18:02:23
GET /css/style.css
HEADERS=> {
  "host": "localhost:8000",
  "connection": "keep-alive",
  "user-agent": "Mozilla/5.0 (Macintosh; Intel Mac OS X 10_11_6) AppleWebKit/537.36 (KHTML, like Gecko) Chrome/63.0.3239.132 Safari/537.36",
  "accept": "text/css,*/*;q=0.1",
  "referer": "http://localhost:8000/index.html",
  "accept-encoding": "gzip, deflate, br",
  "accept-language": "en-US,en;q=0.9",
  "cookie": "logInFailed=true"
}
COOKIES=> {
  "logInFailed": "true"
}
BODY=> {}
------------------------------
Tue Jan 09 2018 18:02:23
GET /js/index.js
HEADERS=> {
  "host": "localhost:8000",
  "connection": "keep-alive",
  "user-agent": "Mozilla/5.0 (Macintosh; Intel Mac OS X 10_11_6) AppleWebKit/537.36 (KHTML, like Gecko) Chrome/63.0.3239.132 Safari/537.36",
  "accept": "*/*",
  "referer": "http://localhost:8000/index.html",
  "accept-encoding": "gzip, deflate, br",
  "accept-language": "en-US,en;q=0.9",
  "cookie": "logInFailed=true"
}
COOKIES=> {
  "logInFailed": "true"
}
BODY=> {}
------------------------------
Tue Jan 09 2018 18:02:23
GET /img/freshorigins.jpg
HEADERS=> {
  "host": "localhost:8000",
  "connection": "keep-alive",
  "user-agent": "Mozilla/5.0 (Macintosh; Intel Mac OS X 10_11_6) AppleWebKit/537.36 (KHTML, like Gecko) Chrome/63.0.3239.132 Safari/537.36",
  "accept": "image/webp,image/apng,image/*,*/*;q=0.8",
  "referer": "http://localhost:8000/index.html",
  "accept-encoding": "gzip, deflate, br",
  "accept-language": "en-US,en;q=0.9",
  "cookie": "logInFailed=true"
}
COOKIES=> {
  "logInFailed": "true"
}
BODY=> {}
------------------------------
Tue Jan 09 2018 18:02:23
GET /img/animated-flower-image-0021.gif
HEADERS=> {
  "host": "localhost:8000",
  "connection": "keep-alive",
  "user-agent": "Mozilla/5.0 (Macintosh; Intel Mac OS X 10_11_6) AppleWebKit/537.36 (KHTML, like Gecko) Chrome/63.0.3239.132 Safari/537.36",
  "accept": "image/webp,image/apng,image/*,*/*;q=0.8",
  "referer": "http://localhost:8000/index.html",
  "accept-encoding": "gzip, deflate, br",
  "accept-language": "en-US,en;q=0.9",
  "cookie": "logInFailed=true"
}
COOKIES=> {
  "logInFailed": "true"
}
BODY=> {}
------------------------------
Tue Jan 09 2018 18:02:23
GET /favicon.ico
HEADERS=> {
  "host": "localhost:8000",
  "connection": "keep-alive",
  "user-agent": "Mozilla/5.0 (Macintosh; Intel Mac OS X 10_11_6) AppleWebKit/537.36 (KHTML, like Gecko) Chrome/63.0.3239.132 Safari/537.36",
  "accept": "image/webp,image/apng,image/*,*/*;q=0.8",
  "referer": "http://localhost:8000/index.html",
  "accept-encoding": "gzip, deflate, br",
  "accept-language": "en-US,en;q=0.9"
}
COOKIES=> {}
BODY=> {}
------------------------------
Tue Jan 09 2018 18:02:26
GET /logout.html
HEADERS=> {
  "host": "localhost:8000",
  "connection": "keep-alive",
  "upgrade-insecure-requests": "1",
  "user-agent": "Mozilla/5.0 (Macintosh; Intel Mac OS X 10_11_6) AppleWebKit/537.36 (KHTML, like Gecko) Chrome/63.0.3239.132 Safari/537.36",
  "accept": "text/html,application/xhtml+xml,application/xml;q=0.9,image/webp,image/apng,*/*;q=0.8",
  "referer": "http://localhost:8000/index.html",
  "accept-encoding": "gzip, deflate, br",
  "accept-language": "en-US,en;q=0.9"
}
COOKIES=> {}
BODY=> {}
------------------------------
Tue Jan 09 2018 18:02:26
GET /login.html
HEADERS=> {
  "host": "localhost:8000",
  "connection": "keep-alive",
  "upgrade-insecure-requests": "1",
  "user-agent": "Mozilla/5.0 (Macintosh; Intel Mac OS X 10_11_6) AppleWebKit/537.36 (KHTML, like Gecko) Chrome/63.0.3239.132 Safari/537.36",
  "accept": "text/html,application/xhtml+xml,application/xml;q=0.9,image/webp,image/apng,*/*;q=0.8",
  "referer": "http://localhost:8000/index.html",
  "accept-encoding": "gzip, deflate, br",
  "accept-language": "en-US,en;q=0.9"
}
COOKIES=> {}
BODY=> {}
------------------------------
Tue Jan 09 2018 18:02:26
GET /favicon.ico
HEADERS=> {
  "host": "localhost:8000",
  "connection": "keep-alive",
  "user-agent": "Mozilla/5.0 (Macintosh; Intel Mac OS X 10_11_6) AppleWebKit/537.36 (KHTML, like Gecko) Chrome/63.0.3239.132 Safari/537.36",
  "accept": "image/webp,image/apng,image/*,*/*;q=0.8",
  "referer": "http://localhost:8000/login.html",
  "accept-encoding": "gzip, deflate, br",
  "accept-language": "en-US,en;q=0.9"
}
COOKIES=> {}
BODY=> {}
------------------------------
Tue Jan 09 2018 18:02:34
POST /index.html
HEADERS=> {
  "host": "localhost:8000",
  "connection": "keep-alive",
  "content-length": "14",
  "cache-control": "max-age=0",
  "origin": "http://localhost:8000",
  "upgrade-insecure-requests": "1",
  "content-type": "application/x-www-form-urlencoded",
  "user-agent": "Mozilla/5.0 (Macintosh; Intel Mac OS X 10_11_6) AppleWebKit/537.36 (KHTML, like Gecko) Chrome/63.0.3239.132 Safari/537.36",
  "accept": "text/html,application/xhtml+xml,application/xml;q=0.9,image/webp,image/apng,*/*;q=0.8",
  "referer": "http://localhost:8000/login.html",
  "accept-encoding": "gzip, deflate, br",
  "accept-language": "en-US,en;q=0.9"
}
COOKIES=> {}
BODY=> {
  "userName": "rahul"
}
------------------------------
Tue Jan 09 2018 18:02:34
GET /css/style.css
HEADERS=> {
  "host": "localhost:8000",
  "connection": "keep-alive",
  "user-agent": "Mozilla/5.0 (Macintosh; Intel Mac OS X 10_11_6) AppleWebKit/537.36 (KHTML, like Gecko) Chrome/63.0.3239.132 Safari/537.36",
  "accept": "text/css,*/*;q=0.1",
  "referer": "http://localhost:8000/index.html",
  "accept-encoding": "gzip, deflate, br",
  "accept-language": "en-US,en;q=0.9",
  "cookie": "logInFailed=true; sessionid=1515501154931"
}
COOKIES=> {
  "logInFailed": "true",
  "sessionid": "1515501154931"
}
BODY=> {}
------------------------------
Tue Jan 09 2018 18:02:34
GET /js/index.js
HEADERS=> {
  "host": "localhost:8000",
  "connection": "keep-alive",
  "user-agent": "Mozilla/5.0 (Macintosh; Intel Mac OS X 10_11_6) AppleWebKit/537.36 (KHTML, like Gecko) Chrome/63.0.3239.132 Safari/537.36",
  "accept": "*/*",
  "referer": "http://localhost:8000/index.html",
  "accept-encoding": "gzip, deflate, br",
  "accept-language": "en-US,en;q=0.9",
  "cookie": "logInFailed=true; sessionid=1515501154931"
}
COOKIES=> {
  "logInFailed": "true",
  "sessionid": "1515501154931"
}
BODY=> {}
------------------------------
Tue Jan 09 2018 18:02:34
GET /img/freshorigins.jpg
HEADERS=> {
  "host": "localhost:8000",
  "connection": "keep-alive",
  "user-agent": "Mozilla/5.0 (Macintosh; Intel Mac OS X 10_11_6) AppleWebKit/537.36 (KHTML, like Gecko) Chrome/63.0.3239.132 Safari/537.36",
  "accept": "image/webp,image/apng,image/*,*/*;q=0.8",
  "referer": "http://localhost:8000/index.html",
  "accept-encoding": "gzip, deflate, br",
  "accept-language": "en-US,en;q=0.9",
  "cookie": "logInFailed=true; sessionid=1515501154931"
}
COOKIES=> {
  "logInFailed": "true",
  "sessionid": "1515501154931"
}
BODY=> {}
------------------------------
Tue Jan 09 2018 18:02:34
GET /img/animated-flower-image-0021.gif
HEADERS=> {
  "host": "localhost:8000",
  "connection": "keep-alive",
  "user-agent": "Mozilla/5.0 (Macintosh; Intel Mac OS X 10_11_6) AppleWebKit/537.36 (KHTML, like Gecko) Chrome/63.0.3239.132 Safari/537.36",
  "accept": "image/webp,image/apng,image/*,*/*;q=0.8",
  "referer": "http://localhost:8000/index.html",
  "accept-encoding": "gzip, deflate, br",
  "accept-language": "en-US,en;q=0.9",
  "cookie": "logInFailed=true; sessionid=1515501154931"
}
COOKIES=> {
  "logInFailed": "true",
  "sessionid": "1515501154931"
}
BODY=> {}
------------------------------
Tue Jan 09 2018 18:02:34
GET /favicon.ico
HEADERS=> {
  "host": "localhost:8000",
  "connection": "keep-alive",
  "user-agent": "Mozilla/5.0 (Macintosh; Intel Mac OS X 10_11_6) AppleWebKit/537.36 (KHTML, like Gecko) Chrome/63.0.3239.132 Safari/537.36",
  "accept": "image/webp,image/apng,image/*,*/*;q=0.8",
  "referer": "http://localhost:8000/index.html",
  "accept-encoding": "gzip, deflate, br",
  "accept-language": "en-US,en;q=0.9",
  "cookie": "sessionid=1515501154931"
}
COOKIES=> {
  "sessionid": "1515501154931"
}
BODY=> {}
------------------------------
Tue Jan 09 2018 18:02:37
GET /guestBook.html
HEADERS=> {
  "host": "localhost:8000",
  "connection": "keep-alive",
  "upgrade-insecure-requests": "1",
  "user-agent": "Mozilla/5.0 (Macintosh; Intel Mac OS X 10_11_6) AppleWebKit/537.36 (KHTML, like Gecko) Chrome/63.0.3239.132 Safari/537.36",
  "accept": "text/html,application/xhtml+xml,application/xml;q=0.9,image/webp,image/apng,*/*;q=0.8",
  "referer": "http://localhost:8000/index.html",
  "accept-encoding": "gzip, deflate, br",
  "accept-language": "en-US,en;q=0.9",
  "cookie": "sessionid=1515501154931"
}
COOKIES=> {
  "sessionid": "1515501154931"
}
BODY=> {}
------------------------------
Tue Jan 09 2018 18:02:37
GET /css/style.css
HEADERS=> {
  "host": "localhost:8000",
  "connection": "keep-alive",
  "user-agent": "Mozilla/5.0 (Macintosh; Intel Mac OS X 10_11_6) AppleWebKit/537.36 (KHTML, like Gecko) Chrome/63.0.3239.132 Safari/537.36",
  "accept": "text/css,*/*;q=0.1",
  "referer": "http://localhost:8000/guestBook.html",
  "accept-encoding": "gzip, deflate, br",
  "accept-language": "en-US,en;q=0.9",
  "cookie": "logInFailed=true; sessionid=1515501154931"
}
COOKIES=> {
  "logInFailed": "true",
  "sessionid": "1515501154931"
}
BODY=> {}
------------------------------
Tue Jan 09 2018 18:02:37
GET /favicon.ico
HEADERS=> {
  "host": "localhost:8000",
  "connection": "keep-alive",
  "user-agent": "Mozilla/5.0 (Macintosh; Intel Mac OS X 10_11_6) AppleWebKit/537.36 (KHTML, like Gecko) Chrome/63.0.3239.132 Safari/537.36",
  "accept": "image/webp,image/apng,image/*,*/*;q=0.8",
  "referer": "http://localhost:8000/guestBook.html",
  "accept-encoding": "gzip, deflate, br",
  "accept-language": "en-US,en;q=0.9",
  "cookie": "sessionid=1515501154931"
}
COOKIES=> {
  "sessionid": "1515501154931"
}
BODY=> {}
